{"contracts/Vault.sol":{"l":{"23":27,"27":12,"29":12,"30":12,"31":10,"32":10,"34":2,"37":12,"41":4,"43":4,"45":3,"47":3,"52":2,"53":2,"55":2,"59":4,"60":4,"61":4,"62":16,"64":16,"65":4,"66":4,"68":8,"71":4},"path":"/Volumes/WORK/Google/Balance/Vault/contracts/Vault.sol","s":{"1":12,"2":12,"3":12,"4":10,"5":12,"6":4,"7":4,"8":3,"9":3,"10":2,"11":2,"12":4,"13":4,"14":4,"15":16,"16":16,"17":12,"18":4},"b":{"1":[10,2],"2":[3,1],"3":[2,1],"4":[4,12],"5":[8,4]},"f":{"1":27,"2":12,"3":4,"4":4},"fnMap":{"1":{"name":"constructor","line":22,"loc":{"start":{"line":22,"column":4},"end":{"line":24,"column":4}}},"2":{"name":"deposit","line":26,"loc":{"start":{"line":26,"column":4},"end":{"line":38,"column":4}}},"3":{"name":"withdraw","line":40,"loc":{"start":{"line":40,"column":4},"end":{"line":56,"column":4}}},"4":{"name":"max","line":58,"loc":{"start":{"line":58,"column":4},"end":{"line":72,"column":4}}}},"statementMap":{"1":{"start":{"line":27,"column":8},"end":{"line":27,"column":69}},"2":{"start":{"line":29,"column":8},"end":{"line":29,"column":45}},"3":{"start":{"line":30,"column":8},"end":{"line":30,"column":732}},"4":{"start":{"line":31,"column":12},"end":{"line":31,"column":73}},"5":{"start":{"line":37,"column":8},"end":{"line":37,"column":58}},"6":{"start":{"line":41,"column":8},"end":{"line":41,"column":45}},"7":{"start":{"line":43,"column":8},"end":{"line":43,"column":57}},"8":{"start":{"line":45,"column":8},"end":{"line":45,"column":51}},"9":{"start":{"line":47,"column":8},"end":{"line":47,"column":1246}},"10":{"start":{"line":53,"column":8},"end":{"line":53,"column":50}},"11":{"start":{"line":55,"column":8},"end":{"line":55,"column":43}},"12":{"start":{"line":59,"column":8},"end":{"line":59,"column":29}},"13":{"start":{"line":60,"column":8},"end":{"line":60,"column":29}},"14":{"start":{"line":61,"column":8},"end":{"line":61,"column":1627}},"15":{"start":{"line":62,"column":12},"end":{"line":62,"column":46}},"16":{"start":{"line":64,"column":12},"end":{"line":64,"column":1740}},"17":{"start":{"line":67,"column":19},"end":{"line":67,"column":1854}},"18":{"start":{"line":71,"column":8},"end":{"line":71,"column":43}}},"branchMap":{"1":{"line":30,"type":"if","locations":[{"start":{"line":30,"column":8},"end":{"line":30,"column":8}},{"start":{"line":30,"column":8},"end":{"line":30,"column":8}}]},"2":{"line":43,"type":"if","locations":[{"start":{"line":43,"column":8},"end":{"line":43,"column":8}},{"start":{"line":43,"column":8},"end":{"line":43,"column":8}}]},"3":{"line":47,"type":"if","locations":[{"start":{"line":47,"column":8},"end":{"line":47,"column":8}},{"start":{"line":47,"column":8},"end":{"line":47,"column":8}}]},"4":{"line":64,"type":"if","locations":[{"start":{"line":64,"column":12},"end":{"line":64,"column":12}},{"start":{"line":64,"column":12},"end":{"line":64,"column":12}}]},"5":{"line":67,"type":"if","locations":[{"start":{"line":67,"column":19},"end":{"line":67,"column":19}},{"start":{"line":67,"column":19},"end":{"line":67,"column":19}}]}}}}