TN:
SF:/Volumes/WORK/Google/Balance/Vault/contracts/Vault.sol
FN:22,constructor
FN:26,deposit
FN:40,withdraw
FN:58,max
FNF:4
FNH:4
FNDA:27,constructor
FNDA:12,deposit
FNDA:4,withdraw
FNDA:4,max
DA:23,27
DA:27,12
DA:29,12
DA:30,12
DA:31,10
DA:32,10
DA:34,2
DA:37,12
DA:41,4
DA:43,4
DA:45,3
DA:47,3
DA:52,2
DA:53,2
DA:55,2
DA:59,4
DA:60,4
DA:61,4
DA:62,16
DA:64,16
DA:65,4
DA:66,4
DA:68,8
DA:71,4
LF:24
LH:24
BRDA:30,1,0,10
BRDA:30,1,1,2
BRDA:43,2,0,3
BRDA:43,2,1,1
BRDA:47,3,0,2
BRDA:47,3,1,1
BRDA:64,4,0,4
BRDA:64,4,1,12
BRDA:67,5,0,8
BRDA:67,5,1,4
BRF:10
BRH:10
end_of_record
